2026-01-21 13:06:04 - secure_wiping.contract_deployer - ERROR - compile_contract:130 - py-solc-x is not installed. Please install with: pip install py-solc-x
Exception: None
2026-01-21 13:06:13 - secure_data_wiping.database.database_manager - ERROR - _ensure_database_exists:47 - Failed to initialize database: [WinError 3] The system cannot find the path specified: 'Z:\\'
Exception: None
2026-01-21 13:06:59 - secure_wiping.contract_deployer - ERROR - connect_to_ganache:86 - Failed to connect to Ganache
Exception: None
2026-01-21 13:07:03 - secure_wiping.contract_deployer - ERROR - connect_to_ganache:86 - Failed to connect to Ganache
Exception: None
2026-01-21 13:07:07 - secure_wiping.contract_deployer - ERROR - connect_to_ganache:86 - Failed to connect to Ganache
Exception: None
2026-01-21 13:07:07 - secure_wiping.contract_deployer - ERROR - compile_contract:136 - py-solc-x is not installed. Please install with: pip install py-solc-x
Exception: None
2026-01-21 13:07:11 - secure_wiping.contract_deployer - ERROR - connect_to_ganache:86 - Failed to connect to Ganache
Exception: None
2026-01-21 13:07:11 - secure_wiping.contract_deployer - ERROR - compile_contract:136 - py-solc-x is not installed. Please install with: pip install py-solc-x
Exception: None
2026-01-21 13:07:11 - secure_wiping.contract_deployer - ERROR - deploy_contract:226 - Contract deployment failed: 'ContractDeployer' object has no attribute 'contract_bytecode'
Exception: None
2026-01-21 13:07:16 - secure_wiping.contract_deployer - ERROR - connect_to_ganache:86 - Failed to connect to Ganache
Exception: None
2026-01-21 13:07:16 - secure_wiping.contract_deployer - ERROR - compile_contract:136 - py-solc-x is not installed. Please install with: pip install py-solc-x
Exception: None
2026-01-21 13:07:16 - secure_wiping.contract_deployer - ERROR - deploy_contract:226 - Contract deployment failed: 'ContractDeployer' object has no attribute 'contract_bytecode'
Exception: None
2026-01-21 13:07:20 - secure_wiping.contract_deployer - ERROR - connect_to_ganache:86 - Failed to connect to Ganache
Exception: None
2026-01-21 13:07:20 - secure_wiping.contract_deployer - ERROR - compile_contract:136 - py-solc-x is not installed. Please install with: pip install py-solc-x
Exception: None
2026-01-21 13:07:20 - secure_wiping.contract_deployer - ERROR - verify_deployment:271 - Contract verification failed: Could not format invalid value None as field 'abi'
Exception: None
2026-01-21 13:07:24 - secure_wiping.contract_deployer - ERROR - connect_to_ganache:86 - Failed to connect to Ganache
Exception: None
2026-01-21 13:07:24 - secure_wiping.contract_deployer - ERROR - compile_contract:136 - py-solc-x is not installed. Please install with: pip install py-solc-x
Exception: None
2026-01-21 13:07:24 - secure_wiping.contract_deployer - ERROR - verify_deployment:271 - Contract verification failed: Could not format invalid value None as field 'abi'
Exception: None
2026-01-21 13:07:28 - secure_wiping.contract_deployer - ERROR - connect_to_ganache:86 - Failed to connect to Ganache
Exception: None
2026-01-21 13:07:28 - secure_wiping.contract_deployer - ERROR - compile_contract:136 - py-solc-x is not installed. Please install with: pip install py-solc-x
Exception: None
2026-01-21 13:13:56 - secure_wiping.contract_deployer - ERROR - connect_to_ganache:90 - Failed to connect to Ganache
Exception: None
2026-01-21 13:13:56 - secure_wiping.contract_deployer - ERROR - connect_to_ganache:104 - No accounts available in Ganache
Exception: None
2026-01-21 13:13:56 - secure_wiping.contract_deployer - ERROR - deploy_contract:236 - Contract deployment failed - transaction reverted
Exception: None
2026-01-21 13:13:56 - secure_wiping.contract_deployer - ERROR - verify_deployment:281 - Contract function calls failed: Contract call failed
Exception: None
2026-01-21 13:13:56 - secure_wiping.contract_deployer - ERROR - compile_contract:181 - Contract compilation failed: the JSON object must be str, bytes or bytearray, not Mock
Exception: None
2026-01-21 13:13:56 - secure_wiping.contract_deployer - ERROR - compile_contract:181 - Contract compilation failed: the JSON object must be str, bytes or bytearray, not MagicMock
Exception: None
2026-01-21 14:09:37 - secure_wiping.contract_deployer - ERROR - connect_to_ganache:90 - Failed to connect to Ganache
Exception: None
2026-01-21 14:09:37 - secure_wiping.contract_deployer - ERROR - connect_to_ganache:104 - No accounts available in Ganache
Exception: None
2026-01-21 14:09:38 - secure_wiping.contract_deployer - ERROR - deploy_contract:244 - Contract deployment failed - transaction reverted
Exception: None
2026-01-21 14:09:38 - secure_wiping.contract_deployer - ERROR - verify_deployment:289 - Contract function calls failed: Contract call failed
Exception: None
2026-01-21 14:11:25 - secure_data_wiping.blockchain_logger.blockchain_logger - ERROR - _connect:151 - Failed to connect to blockchain: Failed to connect to blockchain
Exception: None
2026-01-21 14:11:29 - secure_data_wiping.blockchain_logger.blockchain_logger - ERROR - _connect:151 - Failed to connect to blockchain: Failed to connect to blockchain
Exception: None
2026-01-21 14:11:29 - secure_data_wiping.blockchain_logger.blockchain_logger - ERROR - _connect:151 - Failed to connect to blockchain: Failed to connect to blockchain
Exception: None
2026-01-21 14:11:31 - secure_data_wiping.blockchain_logger.blockchain_logger - ERROR - _connect:151 - Failed to connect to blockchain: Failed to connect to blockchain
Exception: None
2026-01-21 14:11:33 - secure_data_wiping.blockchain_logger.blockchain_logger - ERROR - _connect:151 - Failed to connect to blockchain: Failed to connect to blockchain
Exception: None
2026-01-21 14:11:35 - secure_data_wiping.blockchain_logger.blockchain_logger - ERROR - _connect:151 - Failed to connect to blockchain: Failed to connect to blockchain
Exception: None
2026-01-21 14:12:34 - secure_data_wiping.blockchain_logger.blockchain_logger - ERROR - _connect:151 - Failed to connect to blockchain: Failed to connect to blockchain
Exception: None
2026-01-21 14:12:38 - secure_data_wiping.blockchain_logger.blockchain_logger - ERROR - _connect:151 - Failed to connect to blockchain: Failed to connect to blockchain
Exception: None
2026-01-21 14:12:39 - secure_data_wiping.blockchain_logger.blockchain_logger - ERROR - _connect:151 - Failed to connect to blockchain: Failed to connect to blockchain
Exception: None
2026-01-21 14:12:41 - secure_data_wiping.blockchain_logger.blockchain_logger - ERROR - _connect:151 - Failed to connect to blockchain: Failed to connect to blockchain
Exception: None
2026-01-21 14:12:43 - secure_data_wiping.blockchain_logger.blockchain_logger - ERROR - _connect:151 - Failed to connect to blockchain: Failed to connect to blockchain
Exception: None
2026-01-21 14:12:45 - secure_data_wiping.blockchain_logger.blockchain_logger - ERROR - _connect:151 - Failed to connect to blockchain: Failed to connect to blockchain
Exception: None
2026-01-21 14:13:42 - secure_data_wiping.blockchain_logger.blockchain_logger - ERROR - _connect:151 - Failed to connect to blockchain: Failed to connect to blockchain
Exception: None
2026-01-21 14:13:46 - secure_data_wiping.blockchain_logger.blockchain_logger - ERROR - _connect:151 - Failed to connect to blockchain: Failed to connect to blockchain
Exception: None
2026-01-21 14:13:46 - secure_data_wiping.blockchain_logger.blockchain_logger - ERROR - _connect:151 - Failed to connect to blockchain: Failed to connect to blockchain
Exception: None
2026-01-21 14:13:48 - secure_data_wiping.blockchain_logger.blockchain_logger - ERROR - _connect:151 - Failed to connect to blockchain: Failed to connect to blockchain
Exception: None
2026-01-21 14:13:50 - secure_data_wiping.blockchain_logger.blockchain_logger - ERROR - _connect:151 - Failed to connect to blockchain: Failed to connect to blockchain
Exception: None
2026-01-21 14:13:52 - secure_data_wiping.blockchain_logger.blockchain_logger - ERROR - _connect:151 - Failed to connect to blockchain: Failed to connect to blockchain
Exception: None
2026-01-21 14:20:50 - secure_wiping.contract_deployer - ERROR - connect_to_ganache:90 - Failed to connect to Ganache
Exception: None
2026-01-21 14:20:50 - secure_wiping.contract_deployer - ERROR - connect_to_ganache:104 - No accounts available in Ganache
Exception: None
2026-01-21 14:20:51 - secure_wiping.contract_deployer - ERROR - deploy_contract:244 - Contract deployment failed - transaction reverted
Exception: None
2026-01-21 14:20:51 - secure_wiping.contract_deployer - ERROR - verify_deployment:289 - Contract function calls failed: Contract call failed
Exception: None
2026-01-21 14:25:07 - secure_wiping.contract_deployer - ERROR - connect_to_ganache:90 - Failed to connect to Ganache
Exception: None
2026-01-21 14:25:07 - secure_wiping.contract_deployer - ERROR - connect_to_ganache:104 - No accounts available in Ganache
Exception: None
2026-01-21 14:25:08 - secure_wiping.contract_deployer - ERROR - deploy_contract:244 - Contract deployment failed - transaction reverted
Exception: None
2026-01-21 14:25:08 - secure_wiping.contract_deployer - ERROR - verify_deployment:289 - Contract function calls failed: Contract call failed
Exception: None
2026-01-21 14:25:42 - secure_data_wiping.blockchain_logger.blockchain_logger - ERROR - _connect:151 - Failed to connect to blockchain: Failed to connect to blockchain
Exception: None
2026-01-21 14:25:46 - secure_data_wiping.blockchain_logger.blockchain_logger - ERROR - _connect:151 - Failed to connect to blockchain: Failed to connect to blockchain
Exception: None
2026-01-21 14:25:46 - secure_data_wiping.blockchain_logger.blockchain_logger - ERROR - _connect:151 - Failed to connect to blockchain: Failed to connect to blockchain
Exception: None
2026-01-21 14:25:48 - secure_data_wiping.blockchain_logger.blockchain_logger - ERROR - _connect:151 - Failed to connect to blockchain: Failed to connect to blockchain
Exception: None
2026-01-21 14:25:50 - secure_data_wiping.blockchain_logger.blockchain_logger - ERROR - _connect:151 - Failed to connect to blockchain: Failed to connect to blockchain
Exception: None
2026-01-21 14:25:52 - secure_data_wiping.blockchain_logger.blockchain_logger - ERROR - _connect:151 - Failed to connect to blockchain: Failed to connect to blockchain
Exception: None
2026-01-21 14:27:25 - secure_data_wiping.blockchain_logger.blockchain_logger - ERROR - _connect:151 - Failed to connect to blockchain: Failed to connect to blockchain
Exception: None
2026-01-21 14:27:29 - secure_data_wiping.blockchain_logger.blockchain_logger - ERROR - _connect:151 - Failed to connect to blockchain: Failed to connect to blockchain
Exception: None
2026-01-21 14:27:29 - secure_data_wiping.blockchain_logger.blockchain_logger - ERROR - _connect:151 - Failed to connect to blockchain: Failed to connect to blockchain
Exception: None
2026-01-21 14:27:31 - secure_data_wiping.blockchain_logger.blockchain_logger - ERROR - _connect:151 - Failed to connect to blockchain: Failed to connect to blockchain
Exception: None
2026-01-21 14:27:33 - secure_data_wiping.blockchain_logger.blockchain_logger - ERROR - _connect:151 - Failed to connect to blockchain: Failed to connect to blockchain
Exception: None
2026-01-21 14:27:35 - secure_data_wiping.blockchain_logger.blockchain_logger - ERROR - _connect:151 - Failed to connect to blockchain: Failed to connect to blockchain
Exception: None
2026-01-21 14:27:47 - secure_wiping.contract_deployer - ERROR - connect_to_ganache:90 - Failed to connect to Ganache
Exception: None
2026-01-21 14:27:47 - secure_wiping.contract_deployer - ERROR - connect_to_ganache:104 - No accounts available in Ganache
Exception: None
2026-01-21 14:27:48 - secure_wiping.contract_deployer - ERROR - deploy_contract:244 - Contract deployment failed - transaction reverted
Exception: None
2026-01-21 14:27:48 - secure_wiping.contract_deployer - ERROR - verify_deployment:289 - Contract function calls failed: Contract call failed
Exception: None
2026-01-21 14:30:03 - secure_data_wiping.blockchain_logger.blockchain_logger - ERROR - _connect:151 - Failed to connect to blockchain: Failed to connect to blockchain
Exception: None
2026-01-21 14:30:07 - secure_data_wiping.blockchain_logger.blockchain_logger - ERROR - _connect:151 - Failed to connect to blockchain: Failed to connect to blockchain
Exception: None
2026-01-21 14:30:07 - secure_data_wiping.blockchain_logger.blockchain_logger - ERROR - _connect:151 - Failed to connect to blockchain: Failed to connect to blockchain
Exception: None
2026-01-21 14:30:09 - secure_data_wiping.blockchain_logger.blockchain_logger - ERROR - _connect:151 - Failed to connect to blockchain: Failed to connect to blockchain
Exception: None
2026-01-21 14:30:11 - secure_data_wiping.blockchain_logger.blockchain_logger - ERROR - _connect:151 - Failed to connect to blockchain: Failed to connect to blockchain
Exception: None
2026-01-21 14:30:13 - secure_data_wiping.blockchain_logger.blockchain_logger - ERROR - _connect:151 - Failed to connect to blockchain: Failed to connect to blockchain
Exception: None
2026-01-21 14:30:26 - secure_wiping.contract_deployer - ERROR - connect_to_ganache:90 - Failed to connect to Ganache
Exception: None
2026-01-21 14:30:26 - secure_wiping.contract_deployer - ERROR - connect_to_ganache:104 - No accounts available in Ganache
Exception: None
2026-01-21 14:30:26 - secure_wiping.contract_deployer - ERROR - deploy_contract:244 - Contract deployment failed - transaction reverted
Exception: None
2026-01-21 14:30:26 - secure_wiping.contract_deployer - ERROR - verify_deployment:289 - Contract function calls failed: Contract call failed
Exception: None
2026-01-21 15:01:08 - secure_wiping.contract_deployer - ERROR - connect_to_ganache:114 - Web3 import failed: cannot import name 'HexStr' from 'eth_typing' (C:\Users\messy\Downloads\Block\eth_typing\__init__.py)
Exception: None
2026-01-21 15:01:08 - secure_wiping.contract_deployer - ERROR - connect_to_ganache:115 - Please install web3: pip install web3
Exception: None
2026-01-21 15:01:35 - secure_wiping.contract_deployer - ERROR - connect_to_ganache:114 - Web3 import failed: cannot import name 'Primitives' from 'eth_typing' (C:\Users\messy\Downloads\Block\eth_typing\__init__.py)
Exception: None
2026-01-21 15:01:35 - secure_wiping.contract_deployer - ERROR - connect_to_ganache:115 - Please install web3: pip install web3
Exception: None
2026-01-21 15:02:00 - secure_wiping.contract_deployer - ERROR - connect_to_ganache:118 - Failed to connect to Ganache: maximum recursion depth exceeded
Exception: None
2026-01-21 15:02:00 - secure_wiping.contract_deployer - ERROR - connect_to_ganache:119 - Make sure Ganache is running on localhost:8545
Exception: None
2026-01-21 15:02:30 - secure_wiping.contract_deployer - ERROR - connect_to_ganache:118 - Failed to connect to Ganache: maximum recursion depth exceeded
Exception: None
2026-01-21 15:02:30 - secure_wiping.contract_deployer - ERROR - connect_to_ganache:119 - Make sure Ganache is running on localhost:8545
Exception: None
2026-01-21 15:03:04 - secure_wiping.contract_deployer - ERROR - connect_to_ganache:118 - Failed to connect to Ganache: maximum recursion depth exceeded
Exception: None
2026-01-21 15:03:04 - secure_wiping.contract_deployer - ERROR - connect_to_ganache:119 - Make sure Ganache is running on localhost:8545
Exception: None
2026-01-21 15:09:15 - secure_data_wiping.blockchain_logger.blockchain_logger - ERROR - _connect:151 - Failed to connect to blockchain: Failed to connect to blockchain
Exception: None
2026-01-21 15:09:19 - secure_data_wiping.blockchain_logger.blockchain_logger - ERROR - _connect:151 - Failed to connect to blockchain: Failed to connect to blockchain
Exception: None
2026-01-21 15:09:19 - secure_data_wiping.blockchain_logger.blockchain_logger - ERROR - _connect:151 - Failed to connect to blockchain: Failed to connect to blockchain
Exception: None
2026-01-21 15:09:22 - secure_data_wiping.blockchain_logger.blockchain_logger - ERROR - _connect:151 - Failed to connect to blockchain: Failed to connect to blockchain
Exception: None
2026-01-21 15:09:24 - secure_data_wiping.blockchain_logger.blockchain_logger - ERROR - _connect:151 - Failed to connect to blockchain: Failed to connect to blockchain
Exception: None
2026-01-21 15:09:26 - secure_data_wiping.blockchain_logger.blockchain_logger - ERROR - _connect:151 - Failed to connect to blockchain: Failed to connect to blockchain
Exception: None
2026-01-21 15:09:42 - secure_wiping.contract_deployer - ERROR - connect_to_ganache:90 - Failed to connect to Ganache
Exception: None
2026-01-21 15:09:42 - secure_wiping.contract_deployer - ERROR - connect_to_ganache:104 - No accounts available in Ganache
Exception: None
2026-01-21 15:09:42 - secure_wiping.contract_deployer - ERROR - deploy_contract:244 - Contract deployment failed - transaction reverted
Exception: None
2026-01-21 15:09:42 - secure_wiping.contract_deployer - ERROR - verify_deployment:289 - Contract function calls failed: Contract call failed
Exception: None
2026-01-21 15:14:05 - secure_wiping.config - ERROR - _validate_configuration:152 - Configuration validation failed: Ganache URL must be a valid HTTP/HTTPS URL; Max retry attempts must be at least 1
Exception: None
2026-01-21 15:18:32 - secure_data_wiping.wipe_engine.wipe_engine - ERROR - wipe_device:207 - Wipe operation e4fb0358-bff8-4b24-8d78-7ec8aea8fd94 failed: Device path cannot be empty
Exception: None
2026-01-21 15:18:32 - secure_data_wiping.wipe_engine.wipe_engine - ERROR - wipe_device:207 - Wipe operation c16b7806-a6ef-4686-84e3-d277447eb153 failed: Permission denied accessing device: C:\Users\messy\AppData\Local\Temp\tmp2x2b9z3c\tmplvzvj2qv
Exception: None
2026-01-21 15:18:32 - secure_data_wiping.wipe_engine.wipe_engine - ERROR - _execute_overwrite_wipe:419 - Overwrite wipe failed at pass 1: Cannot determine device size: File system error
Exception: None
2026-01-21 15:18:32 - secure_data_wiping.wipe_engine.wipe_engine - ERROR - wipe_device:207 - Wipe operation 1a254f1a-5bfb-45c8-a7c4-0f2522a72418 failed: Overwrite failed: Cannot determine device size: File system error
Exception: None
2026-01-21 15:18:32 - secure_wiping.contract_deployer - ERROR - connect_to_ganache:90 - Failed to connect to Ganache
Exception: None
2026-01-21 15:18:32 - secure_wiping.contract_deployer - ERROR - connect_to_ganache:104 - No accounts available in Ganache
Exception: None
2026-01-21 15:18:32 - secure_wiping.contract_deployer - ERROR - deploy_contract:244 - Contract deployment failed - transaction reverted
Exception: None
2026-01-21 15:18:33 - secure_wiping.contract_deployer - ERROR - verify_deployment:289 - Contract function calls failed: Contract call failed
Exception: None
2026-01-21 15:18:35 - secure_data_wiping.database.database_manager - ERROR - _ensure_database_exists:47 - Failed to initialize database: [WinError 3] The system cannot find the path specified: 'Z:\\'
Exception: None
