2026-01-09 10:43:57 - secure_wiping.ganache_manager - ERROR - start_ganache:169 - Ganache CLI is not installed
Exception: None
2026-01-09 10:43:57 - secure_wiping.ganache_manager - ERROR - start_ganache:170 - Please install it with: npm install -g ganache-cli
Exception: None
2026-01-09 11:12:32 - secure_wiping.ganache_manager - ERROR - start_ganache:169 - Ganache CLI is not installed
Exception: None
2026-01-09 11:12:32 - secure_wiping.ganache_manager - ERROR - start_ganache:170 - Please install it with: npm install -g ganache-cli
Exception: None
2026-01-09 11:15:25 - secure_wiping.contract_deployer - ERROR - connect_to_ganache:104 - Web3 import failed: No module named 'web3'
Exception: None
2026-01-09 11:15:25 - secure_wiping.contract_deployer - ERROR - connect_to_ganache:105 - Please install web3: pip install web3
Exception: None
2026-01-09 11:18:09 - secure_wiping.contract_deployer - ERROR - connect_to_ganache:104 - Web3 import failed: No module named 'pkg_resources'
Exception: None
2026-01-09 11:18:09 - secure_wiping.contract_deployer - ERROR - connect_to_ganache:105 - Please install web3: pip install web3
Exception: None
2026-01-09 11:18:47 - secure_wiping.contract_deployer - ERROR - connect_to_ganache:104 - Web3 import failed: cannot import name 'ChainId' from 'eth_typing' (C:\Users\messy\Downloads\Block\venv\Lib\site-packages\eth_typing\__init__.py)
Exception: None
2026-01-09 11:18:47 - secure_wiping.contract_deployer - ERROR - connect_to_ganache:105 - Please install web3: pip install web3
Exception: None
2026-01-09 11:18:57 - secure_wiping.contract_deployer - ERROR - connect_to_ganache:104 - Web3 import failed: cannot import name 'ChainId' from 'eth_typing' (C:\Users\messy\Downloads\Block\venv\Lib\site-packages\eth_typing\__init__.py)
Exception: None
2026-01-09 11:18:57 - secure_wiping.contract_deployer - ERROR - connect_to_ganache:105 - Please install web3: pip install web3
Exception: None
2026-01-09 11:20:31 - secure_wiping.contract_deployer - ERROR - deploy_contract:346 - Contract deployment failed: {'message': 'VM Exception while processing transaction: invalid opcode', 'code': -32000, 'data': {'0x793f9960e340ed858fb301259a4e04af7412fd6adbcbc389d910f0ad4a912a9f': {'error': 'invalid opcode', 'program_counter': 92, 'return': '0x'}, 'stack': 'c: VM Exception while processing transaction: invalid opcode\n    at c.fromResults (C:\\Users\\messy\\AppData\\Roaming\\npm\\node_modules\\ganache-cli\\build\\ganache-core.node.cli.js:4:192416)\n    at w.processBlock (C:\\Users\\messy\\AppData\\Roaming\\npm\\node_modules\\ganache-cli\\build\\ganache-core.node.cli.js:42:50915)\n    at processTicksAndRejections (node:internal/process/task_queues:103:5)', 'name': 'c'}}
Exception: None
2026-01-09 12:11:27 - secure_wiping.contract_deployer - ERROR - connect_to_ganache:104 - Web3 import failed: cannot import name 'ChainId' from 'eth_typing' (C:\Users\messy\AppData\Roaming\Python\Python314\site-packages\eth_typing\__init__.py)
Exception: None
2026-01-09 12:11:27 - secure_wiping.contract_deployer - ERROR - connect_to_ganache:105 - Please install web3: pip install web3
Exception: None
2026-01-09 12:12:56 - secure_wiping.contract_deployer - ERROR - connect_to_ganache:104 - Web3 import failed: cannot import name 'ChainId' from 'eth_typing' (C:\Users\messy\AppData\Roaming\Python\Python314\site-packages\eth_typing\__init__.py)
Exception: None
2026-01-09 12:12:56 - secure_wiping.contract_deployer - ERROR - connect_to_ganache:105 - Please install web3: pip install web3
Exception: None
2026-01-09 12:13:15 - secure_wiping.contract_deployer - ERROR - connect_to_ganache:80 - Failed to connect to Ganache
Exception: None
2026-01-09 12:14:04 - secure_wiping.contract_deployer - ERROR - connect_to_ganache:80 - Failed to connect to Ganache
Exception: None
2026-01-09 12:43:05 - secure_data_wiping.system_controller.system_controller - ERROR - initialize_system:171 - System initialization failed: Failed to initialize blockchain logger: BlockchainLogger.__init__() got an unexpected keyword argument 'ganache_url'
Exception: None
2026-01-09 12:44:24 - secure_data_wiping.system_controller.system_controller - ERROR - initialize_system:183 - System initialization failed: Failed to initialize blockchain logger: Contract address not configured
Exception: None
2026-01-09 12:48:18 - secure_wiping.contract_deployer - ERROR - connect_to_ganache:80 - Failed to connect to Ganache
Exception: None
2026-01-09 12:48:47 - secure_wiping.contract_deployer - ERROR - connect_to_ganache:80 - Failed to connect to Ganache
Exception: None
2026-01-09 12:52:56 - secure_wiping.contract_deployer - ERROR - connect_to_ganache:80 - Failed to connect to Ganache
Exception: None
