2026-01-08 14:57:14 - root - INFO - setup_logging:134 - Logging initialized - Level: INFO, Directory: logs
2026-01-08 14:57:16 - secure_data_wiping.database.database_manager - INFO - _ensure_database_exists:44 - Database initialized at C:\Users\messy\AppData\Local\Temp\tmpmizc9mqx\test.db
2026-01-08 14:57:16 - secure_data_wiping.database.database_manager - INFO - _ensure_database_exists:44 - Database initialized at C:\Users\messy\AppData\Local\Temp\tmpvrcidfq8\test.db
2026-01-08 14:57:16 - secure_data_wiping.database.database_manager - INFO - _ensure_database_exists:44 - Database initialized at C:\Users\messy\AppData\Local\Temp\tmpcb86akgw\test.db
2026-01-08 14:57:16 - secure_data_wiping.database.database_manager - INFO - _ensure_database_exists:44 - Database initialized at C:\Users\messy\AppData\Local\Temp\tmpnndy4u57\test.db
2026-01-08 14:57:16 - secure_data_wiping.database.database_manager - INFO - _ensure_database_exists:44 - Database initialized at C:\Users\messy\AppData\Local\Temp\tmph_n4n5hu\test.db
2026-01-08 14:57:16 - secure_data_wiping.database.database_manager - INFO - _ensure_database_exists:44 - Database initialized at /invalid/path/database.db
2026-01-08 14:57:17 - secure_data_wiping.database.database_manager - INFO - _ensure_database_exists:44 - Database initialized at C:\Users\messy\AppData\Local\Temp\tmp44h7_sv7\test.db
2026-01-08 14:57:17 - secure_data_wiping.database.database_manager - INFO - insert_wipe_operation:129 - Inserted wipe operation: test_op_001
2026-01-08 14:57:17 - secure_data_wiping.database.database_manager - INFO - update_wipe_operation:171 - Updated wipe operation: test_op_001
2026-01-08 14:58:27 - root - INFO - setup_logging:134 - Logging initialized - Level: INFO, Directory: logs
2026-01-08 14:58:28 - secure_data_wiping.database.database_manager - ERROR - _ensure_database_exists:47 - Failed to initialize database: [WinError 3] The system cannot find the path specified: 'Z:\\'
2026-01-08 14:58:28 - secure_wiping.config - INFO - _load_configuration:46 - Loaded configuration from C:\Users\messy\AppData\Local\Temp\tmp4hsf9gq4\test_config.yaml
2026-01-08 14:58:28 - secure_wiping.config - INFO - _validate_configuration:155 - Configuration validation passed
2026-01-08 14:59:02 - root - INFO - setup_logging:134 - Logging initialized - Level: INFO, Directory: logs
2026-01-08 14:59:03 - secure_data_wiping.database.database_manager - INFO - _ensure_database_exists:44 - Database initialized at C:\Users\messy\AppData\Local\Temp\tmpautr9fhq\test.db
2026-01-08 14:59:03 - secure_data_wiping.database.database_manager - INFO - _ensure_database_exists:44 - Database initialized at C:\Users\messy\AppData\Local\Temp\tmp8r5kb2w9\test.db
2026-01-08 14:59:04 - secure_data_wiping.database.database_manager - INFO - _ensure_database_exists:44 - Database initialized at C:\Users\messy\AppData\Local\Temp\tmpxakjdlem\test.db
2026-01-08 14:59:04 - secure_data_wiping.database.database_manager - INFO - _ensure_database_exists:44 - Database initialized at C:\Users\messy\AppData\Local\Temp\tmporhcev3i\test.db
2026-01-08 14:59:04 - secure_data_wiping.database.database_manager - INFO - _ensure_database_exists:44 - Database initialized at C:\Users\messy\AppData\Local\Temp\tmpzob9nnxj\test.db
2026-01-08 14:59:04 - secure_data_wiping.database.database_manager - ERROR - _ensure_database_exists:47 - Failed to initialize database: [WinError 3] The system cannot find the path specified: 'Z:\\'
2026-01-08 14:59:04 - secure_data_wiping.database.database_manager - INFO - _ensure_database_exists:44 - Database initialized at C:\Users\messy\AppData\Local\Temp\tmpnaedj7zs\test.db
2026-01-08 14:59:04 - secure_data_wiping.database.database_manager - INFO - insert_wipe_operation:129 - Inserted wipe operation: test_op_001
2026-01-08 14:59:04 - secure_data_wiping.database.database_manager - INFO - update_wipe_operation:171 - Updated wipe operation: test_op_001
2026-01-08 14:59:52 - root - INFO - setup_logging:134 - Logging initialized - Level: INFO, Directory: logs
2026-01-08 14:59:52 - secure_wiping.config - INFO - _load_configuration:46 - Loaded configuration from config.yaml
2026-01-08 15:00:43 - root - INFO - setup_logging:134 - Logging initialized - Level: INFO, Directory: logs
2026-01-08 15:00:43 - secure_wiping.config - INFO - _load_configuration:46 - Loaded configuration from config.yaml
2026-01-08 15:00:43 - secure_wiping.config - INFO - _validate_configuration:155 - Configuration validation passed
2026-01-08 15:00:43 - root - INFO - setup_logging:134 - Logging initialized - Level: INFO, Directory: logs
2026-01-08 15:00:43 - secure_wiping.main - INFO - setup_system:47 - === Secure Data Wiping System Starting ===
2026-01-08 15:00:43 - secure_wiping.main - INFO - setup_system:48 - Configuration loaded from: config.yaml
2026-01-08 15:00:43 - secure_wiping.main - INFO - setup_system:49 - Database path: data/secure_wiping.db
2026-01-08 15:00:43 - secure_wiping.main - INFO - setup_system:50 - Certificates directory: certificates
2026-01-08 15:00:43 - secure_wiping.main - INFO - setup_system:51 - Logs directory: logs
2026-01-08 15:00:44 - secure_data_wiping.database.database_manager - INFO - _ensure_database_exists:44 - Database initialized at data/secure_wiping.db
2026-01-08 15:00:44 - secure_wiping.main - INFO - setup_system:55 - Database initialized successfully
2026-01-08 15:00:44 - secure_wiping.main - INFO - setup_system:58 - Ganache URL: http://127.0.0.1:7545
2026-01-08 15:00:44 - secure_wiping.main - INFO - setup_system:59 - Max retry attempts: 3
2026-01-08 15:00:44 - secure_wiping.main - INFO - setup_system:60 - Default operator: system
2026-01-08 15:00:44 - secure_wiping.main - INFO - main:200 - System setup completed successfully
2026-01-08 15:01:23 - root - INFO - setup_logging:134 - Logging initialized - Level: INFO, Directory: logs
2026-01-08 15:01:23 - secure_wiping.config - INFO - _load_configuration:46 - Loaded configuration from config.yaml
2026-01-08 15:01:23 - secure_wiping.config - INFO - _validate_configuration:155 - Configuration validation passed
2026-01-08 15:01:23 - root - INFO - setup_logging:134 - Logging initialized - Level: INFO, Directory: logs
2026-01-08 15:01:23 - secure_wiping.main - INFO - setup_system:47 - === Secure Data Wiping System Starting ===
2026-01-08 15:01:23 - secure_wiping.main - INFO - setup_system:48 - Configuration loaded from: config.yaml
2026-01-08 15:01:23 - secure_wiping.main - INFO - setup_system:49 - Database path: data/secure_wiping.db
2026-01-08 15:01:23 - secure_wiping.main - INFO - setup_system:50 - Certificates directory: certificates
2026-01-08 15:01:23 - secure_wiping.main - INFO - setup_system:51 - Logs directory: logs
2026-01-08 15:01:23 - secure_data_wiping.database.database_manager - INFO - _ensure_database_exists:44 - Database initialized at data/secure_wiping.db
2026-01-08 15:01:23 - secure_wiping.main - INFO - setup_system:55 - Database initialized successfully
2026-01-08 15:01:23 - secure_wiping.main - INFO - setup_system:58 - Ganache URL: http://127.0.0.1:7545
2026-01-08 15:01:23 - secure_wiping.main - INFO - setup_system:59 - Max retry attempts: 3
2026-01-08 15:01:23 - secure_wiping.main - INFO - setup_system:60 - Default operator: system
2026-01-08 15:01:23 - secure_data_wiping.database.database_manager - INFO - _ensure_database_exists:44 - Database initialized at data/secure_wiping.db
2026-01-08 15:08:18 - root - INFO - setup_logging:134 - Logging initialized - Level: INFO, Directory: logs
2026-01-08 15:25:15 - root - INFO - setup_logging:134 - Logging initialized - Level: INFO, Directory: logs
2026-01-08 15:26:31 - root - INFO - setup_logging:134 - Logging initialized - Level: INFO, Directory: logs
2026-01-08 15:27:27 - root - INFO - setup_logging:134 - Logging initialized - Level: INFO, Directory: logs
2026-01-08 15:28:04 - root - INFO - setup_logging:134 - Logging initialized - Level: INFO, Directory: logs
2026-01-08 15:29:45 - root - INFO - setup_logging:134 - Logging initialized - Level: INFO, Directory: logs
2026-01-08 15:31:23 - root - INFO - setup_logging:134 - Logging initialized - Level: INFO, Directory: logs
2026-01-08 15:32:04 - root - INFO - setup_logging:134 - Logging initialized - Level: INFO, Directory: logs
2026-01-08 15:32:46 - root - INFO - setup_logging:134 - Logging initialized - Level: INFO, Directory: logs
2026-01-08 16:00:47 - root - INFO - setup_logging:134 - Logging initialized - Level: INFO, Directory: logs
2026-01-08 16:02:14 - root - INFO - setup_logging:134 - Logging initialized - Level: INFO, Directory: logs
2026-01-08 16:02:14 - secure_wiping.contract_deployer - INFO - compile_contract:124 - Compiling WipeAuditContract.sol
2026-01-08 16:02:14 - secure_wiping.contract_deployer - INFO - compile_contract:283 - Contract compilation completed successfully
2026-01-08 16:02:14 - secure_wiping.contract_deployer - INFO - compile_contract:124 - Compiling WipeAuditContract.sol
2026-01-08 16:02:14 - secure_wiping.contract_deployer - INFO - compile_contract:283 - Contract compilation completed successfully
2026-01-08 22:18:20 - root - INFO - setup_logging:134 - Logging initialized - Level: INFO, Directory: logs
2026-01-08 22:18:20 - secure_wiping.config - INFO - _load_configuration:46 - Loaded configuration from config.yaml
2026-01-08 22:18:20 - secure_wiping.config - INFO - _validate_configuration:155 - Configuration validation passed
2026-01-08 22:19:19 - root - INFO - setup_logging:134 - Logging initialized - Level: INFO, Directory: logs
2026-01-08 22:19:19 - secure_wiping.config - INFO - _load_configuration:46 - Loaded configuration from config.yaml
2026-01-08 22:19:19 - secure_wiping.config - INFO - _validate_configuration:155 - Configuration validation passed
2026-01-08 22:23:26 - root - INFO - setup_logging:134 - Logging initialized - Level: INFO, Directory: logs
2026-01-08 22:23:26 - secure_wiping.config - INFO - _load_configuration:46 - Loaded configuration from C:\Users\messy\AppData\Local\Temp\tmp_fcoox_e\invalid_config.yaml
2026-01-08 22:23:26 - secure_wiping.config - ERROR - _validate_configuration:152 - Configuration validation failed: Ganache URL must be a valid HTTP/HTTPS URL; Max retry attempts must be at least 1
2026-01-08 22:23:26 - secure_data_wiping.database.database_manager - INFO - _ensure_database_exists:44 - Database initialized at :memory:
2026-01-08 22:23:26 - secure_data_wiping.database.database_manager - ERROR - get_connection:77 - Database operation failed: no such table: wipe_operations
2026-01-08 22:23:55 - root - INFO - setup_logging:134 - Logging initialized - Level: INFO, Directory: logs
2026-01-08 22:23:55 - secure_wiping.config - INFO - _load_configuration:46 - Loaded configuration from C:\Users\messy\AppData\Local\Temp\tmporj14bnr\invalid_config.yaml
2026-01-08 22:23:55 - secure_wiping.config - ERROR - _validate_configuration:152 - Configuration validation failed: Ganache URL must be a valid HTTP/HTTPS URL; Max retry attempts must be at least 1
2026-01-08 22:23:55 - secure_data_wiping.database.database_manager - INFO - _ensure_database_exists:44 - Database initialized at :memory:
2026-01-08 22:23:55 - secure_data_wiping.database.database_manager - INFO - _ensure_database_exists:44 - Database initialized at :memory:
2026-01-08 22:23:55 - secure_data_wiping.database.database_manager - ERROR - get_connection:77 - Database operation failed: no such table: wipe_operations
2026-01-08 22:25:07 - root - INFO - setup_logging:134 - Logging initialized - Level: INFO, Directory: logs
2026-01-08 22:25:07 - secure_wiping.config - INFO - _load_configuration:46 - Loaded configuration from C:\Users\messy\AppData\Local\Temp\tmp_wvd_ts_\invalid_config.yaml
2026-01-08 22:25:07 - secure_wiping.config - ERROR - _validate_configuration:152 - Configuration validation failed: Ganache URL must be a valid HTTP/HTTPS URL; Max retry attempts must be at least 1
2026-01-08 22:25:07 - secure_data_wiping.database.database_manager - INFO - _ensure_database_exists:44 - Database initialized at :memory:
2026-01-08 22:25:07 - secure_data_wiping.wipe_engine.wipe_engine - INFO - __init__:105 - WipeEngine initialized with NIST 800-88 compliance
2026-01-08 22:25:07 - secure_data_wiping.wipe_engine.wipe_engine - INFO - wipe_device:156 - Starting wipe operation e329bdd9-f830-46ab-8b4c-c08b6833edd1 for device DEVICE_A28F0AC9
2026-01-08 22:25:07 - secure_data_wiping.wipe_engine.wipe_engine - INFO - wipe_device:157 - Method: clear, Device path: /nonexistent/file
2026-01-08 22:25:07 - secure_data_wiping.wipe_engine.wipe_engine - INFO - _validate_device_access:297 - Created simulation file: /nonexistent/file
2026-01-08 22:25:07 - secure_data_wiping.wipe_engine.wipe_engine - INFO - _execute_overwrite_wipe:386 - Executing overwrite wipe with 1 passes
2026-01-08 22:25:07 - secure_data_wiping.wipe_engine.wipe_engine - INFO - _execute_overwrite_wipe:397 - Starting pass 1/1
2026-01-08 22:25:07 - secure_data_wiping.wipe_engine.wipe_engine - INFO - _execute_overwrite_wipe:410 - Pass 1 completed: 1048576 bytes
2026-01-08 22:25:07 - secure_data_wiping.wipe_engine.wipe_engine - INFO - _verify_pass:561 - Verifying wiping pass
2026-01-08 22:25:07 - secure_data_wiping.wipe_engine.wipe_engine - INFO - _verify_pass:585 - Pass verification successful
2026-01-08 22:25:07 - secure_data_wiping.wipe_engine.wipe_engine - INFO - wipe_device:196 - Wipe operation e329bdd9-f830-46ab-8b4c-c08b6833edd1 completed successfully
2026-01-08 22:25:07 - secure_data_wiping.wipe_engine.wipe_engine - INFO - wipe_device:197 - Passes: 1, Bytes wiped: 1048576
2026-01-08 22:25:08 - secure_data_wiping.certificate_generator.certificate_generator - INFO - __init__:123 - CertificateGenerator initialized with output directory: C:\Users\messy\AppData\Local\Temp\tmp_wvd_ts_
2026-01-08 22:26:32 - root - INFO - setup_logging:134 - Logging initialized - Level: INFO, Directory: logs
2026-01-08 22:26:32 - secure_wiping.config - INFO - _load_configuration:46 - Loaded configuration from C:\Users\messy\AppData\Local\Temp\tmp97lebwos\invalid_config.yaml
2026-01-08 22:26:32 - secure_wiping.config - ERROR - _validate_configuration:152 - Configuration validation failed: Ganache URL must be a valid HTTP/HTTPS URL; Max retry attempts must be at least 1
2026-01-08 22:26:32 - secure_data_wiping.database.database_manager - INFO - _ensure_database_exists:44 - Database initialized at :memory:
2026-01-08 22:26:32 - secure_data_wiping.wipe_engine.wipe_engine - INFO - __init__:105 - WipeEngine initialized with NIST 800-88 compliance
2026-01-08 22:26:32 - secure_data_wiping.wipe_engine.wipe_engine - INFO - wipe_device:156 - Starting wipe operation e0beeb11-ea69-482c-becb-57f043cb884b for device DEVICE_A28F0AC9
2026-01-08 22:26:32 - secure_data_wiping.wipe_engine.wipe_engine - INFO - wipe_device:157 - Method: clear, Device path: /nonexistent/file
2026-01-08 22:26:32 - secure_data_wiping.wipe_engine.wipe_engine - INFO - _execute_overwrite_wipe:386 - Executing overwrite wipe with 1 passes
2026-01-08 22:26:32 - secure_data_wiping.wipe_engine.wipe_engine - INFO - _execute_overwrite_wipe:397 - Starting pass 1/1
2026-01-08 22:26:32 - secure_data_wiping.wipe_engine.wipe_engine - INFO - _execute_overwrite_wipe:410 - Pass 1 completed: 1048576 bytes
2026-01-08 22:26:32 - secure_data_wiping.wipe_engine.wipe_engine - INFO - _verify_pass:561 - Verifying wiping pass
2026-01-08 22:26:32 - secure_data_wiping.wipe_engine.wipe_engine - INFO - _verify_pass:585 - Pass verification successful
2026-01-08 22:26:32 - secure_data_wiping.wipe_engine.wipe_engine - INFO - wipe_device:196 - Wipe operation e0beeb11-ea69-482c-becb-57f043cb884b completed successfully
2026-01-08 22:26:32 - secure_data_wiping.wipe_engine.wipe_engine - INFO - wipe_device:197 - Passes: 1, Bytes wiped: 1048576
2026-01-08 22:26:33 - secure_data_wiping.certificate_generator.certificate_generator - INFO - __init__:123 - CertificateGenerator initialized with output directory: C:\Users\messy\AppData\Local\Temp\tmp97lebwos
2026-01-08 22:35:16 - root - INFO - setup_logging:134 - Logging initialized - Level: INFO, Directory: logs
2026-01-08 22:35:16 - secure_wiping.config - INFO - _load_configuration:46 - Loaded configuration from C:\Users\messy\AppData\Local\Temp\tmpwcuaacx1\invalid_config.yaml
2026-01-08 22:35:16 - secure_wiping.config - ERROR - _validate_configuration:152 - Configuration validation failed: Ganache URL must be a valid HTTP/HTTPS URL; Max retry attempts must be at least 1
2026-01-08 22:35:16 - secure_data_wiping.database.database_manager - INFO - _ensure_database_exists:44 - Database initialized at :memory:
2026-01-08 22:35:16 - secure_data_wiping.wipe_engine.wipe_engine - INFO - __init__:105 - WipeEngine initialized with NIST 800-88 compliance
2026-01-08 22:35:16 - secure_data_wiping.wipe_engine.wipe_engine - INFO - wipe_device:156 - Starting wipe operation 43322eae-bfd1-43a6-8bba-06ab0f6990ac for device DEVICE_A28F0AC9
2026-01-08 22:35:16 - secure_data_wiping.wipe_engine.wipe_engine - INFO - wipe_device:157 - Method: clear, Device path: /nonexistent/file
2026-01-08 22:35:16 - secure_data_wiping.wipe_engine.wipe_engine - INFO - _execute_overwrite_wipe:386 - Executing overwrite wipe with 1 passes
2026-01-08 22:35:16 - secure_data_wiping.wipe_engine.wipe_engine - INFO - _execute_overwrite_wipe:397 - Starting pass 1/1
2026-01-08 22:35:16 - secure_data_wiping.wipe_engine.wipe_engine - INFO - _execute_overwrite_wipe:410 - Pass 1 completed: 1048576 bytes
2026-01-08 22:35:16 - secure_data_wiping.wipe_engine.wipe_engine - INFO - _verify_pass:561 - Verifying wiping pass
2026-01-08 22:35:16 - secure_data_wiping.wipe_engine.wipe_engine - INFO - _verify_pass:585 - Pass verification successful
2026-01-08 22:35:16 - secure_data_wiping.wipe_engine.wipe_engine - INFO - wipe_device:196 - Wipe operation 43322eae-bfd1-43a6-8bba-06ab0f6990ac completed successfully
2026-01-08 22:35:16 - secure_data_wiping.wipe_engine.wipe_engine - INFO - wipe_device:197 - Passes: 1, Bytes wiped: 1048576
2026-01-08 22:35:16 - secure_data_wiping.certificate_generator.certificate_generator - INFO - __init__:123 - CertificateGenerator initialized with output directory: C:\Users\messy\AppData\Local\Temp\tmpwcuaacx1
2026-01-08 22:36:57 - root - INFO - setup_logging:134 - Logging initialized - Level: INFO, Directory: logs
2026-01-08 22:36:57 - secure_wiping.config - INFO - _load_configuration:46 - Loaded configuration from C:\Users\messy\AppData\Local\Temp\tmp6bcnj1e6\invalid_config.yaml
2026-01-08 22:36:57 - secure_wiping.config - ERROR - _validate_configuration:152 - Configuration validation failed: Ganache URL must be a valid HTTP/HTTPS URL; Max retry attempts must be at least 1
2026-01-08 22:36:57 - secure_data_wiping.database.database_manager - INFO - _ensure_database_exists:44 - Database initialized at :memory:
2026-01-08 22:36:57 - secure_data_wiping.wipe_engine.wipe_engine - INFO - __init__:105 - WipeEngine initialized with NIST 800-88 compliance
2026-01-08 22:36:57 - secure_data_wiping.wipe_engine.wipe_engine - INFO - wipe_device:156 - Starting wipe operation a0e57ea1-53ed-4b72-9bef-b4a05c077656 for device DEVICE_A28F0AC9
2026-01-08 22:36:57 - secure_data_wiping.wipe_engine.wipe_engine - INFO - wipe_device:157 - Method: clear, Device path: /nonexistent/file
2026-01-08 22:36:57 - secure_data_wiping.wipe_engine.wipe_engine - INFO - _execute_overwrite_wipe:386 - Executing overwrite wipe with 1 passes
2026-01-08 22:36:57 - secure_data_wiping.wipe_engine.wipe_engine - INFO - _execute_overwrite_wipe:397 - Starting pass 1/1
2026-01-08 22:36:57 - secure_data_wiping.wipe_engine.wipe_engine - INFO - _execute_overwrite_wipe:410 - Pass 1 completed: 1048576 bytes
2026-01-08 22:36:57 - secure_data_wiping.wipe_engine.wipe_engine - INFO - _verify_pass:561 - Verifying wiping pass
2026-01-08 22:36:57 - secure_data_wiping.wipe_engine.wipe_engine - INFO - _verify_pass:585 - Pass verification successful
2026-01-08 22:36:57 - secure_data_wiping.wipe_engine.wipe_engine - INFO - wipe_device:196 - Wipe operation a0e57ea1-53ed-4b72-9bef-b4a05c077656 completed successfully
2026-01-08 22:36:57 - secure_data_wiping.wipe_engine.wipe_engine - INFO - wipe_device:197 - Passes: 1, Bytes wiped: 1048576
2026-01-08 22:36:57 - secure_data_wiping.certificate_generator.certificate_generator - INFO - __init__:123 - CertificateGenerator initialized with output directory: C:\Users\messy\AppData\Local\Temp\tmp6bcnj1e6
2026-01-08 22:44:41 - root - INFO - setup_logging:134 - Logging initialized - Level: INFO, Directory: logs
2026-01-08 22:44:41 - secure_wiping.config - INFO - _load_configuration:46 - Loaded configuration from C:\Users\messy\AppData\Local\Temp\tmp_lh5iirq\invalid_config.yaml
2026-01-08 22:44:41 - secure_wiping.config - ERROR - _validate_configuration:152 - Configuration validation failed: Ganache URL must be a valid HTTP/HTTPS URL; Max retry attempts must be at least 1
2026-01-08 22:44:41 - secure_data_wiping.database.database_manager - INFO - _ensure_database_exists:44 - Database initialized at :memory:
2026-01-08 22:44:41 - secure_data_wiping.wipe_engine.wipe_engine - INFO - __init__:105 - WipeEngine initialized with NIST 800-88 compliance
2026-01-08 22:44:41 - secure_data_wiping.wipe_engine.wipe_engine - INFO - wipe_device:156 - Starting wipe operation df7489a1-af01-4d5e-bdbf-a02cd94d59f3 for device DEVICE_A28F0AC9
2026-01-08 22:44:41 - secure_data_wiping.wipe_engine.wipe_engine - INFO - wipe_device:157 - Method: clear, Device path: /nonexistent/file
2026-01-08 22:44:41 - secure_data_wiping.wipe_engine.wipe_engine - INFO - _execute_overwrite_wipe:386 - Executing overwrite wipe with 1 passes
2026-01-08 22:44:41 - secure_data_wiping.wipe_engine.wipe_engine - INFO - _execute_overwrite_wipe:397 - Starting pass 1/1
2026-01-08 22:44:41 - secure_data_wiping.wipe_engine.wipe_engine - INFO - _execute_overwrite_wipe:410 - Pass 1 completed: 1048576 bytes
2026-01-08 22:44:41 - secure_data_wiping.wipe_engine.wipe_engine - INFO - _verify_pass:561 - Verifying wiping pass
2026-01-08 22:44:41 - secure_data_wiping.wipe_engine.wipe_engine - INFO - _verify_pass:585 - Pass verification successful
2026-01-08 22:44:41 - secure_data_wiping.wipe_engine.wipe_engine - INFO - wipe_device:196 - Wipe operation df7489a1-af01-4d5e-bdbf-a02cd94d59f3 completed successfully
2026-01-08 22:44:41 - secure_data_wiping.wipe_engine.wipe_engine - INFO - wipe_device:197 - Passes: 1, Bytes wiped: 1048576
2026-01-08 22:44:41 - secure_data_wiping.certificate_generator.certificate_generator - INFO - __init__:123 - CertificateGenerator initialized with output directory: C:\Users\messy\AppData\Local\Temp\tmp_lh5iirq
2026-01-08 22:52:23 - root - INFO - setup_logging:134 - Logging initialized - Level: INFO, Directory: logs
2026-01-08 22:52:23 - secure_wiping.config - INFO - _load_configuration:46 - Loaded configuration from C:\Users\messy\AppData\Local\Temp\tmpnbn4a89q\invalid_config.yaml
2026-01-08 22:52:23 - secure_wiping.config - ERROR - _validate_configuration:152 - Configuration validation failed: Ganache URL must be a valid HTTP/HTTPS URL; Max retry attempts must be at least 1
2026-01-08 22:52:24 - secure_data_wiping.database.database_manager - INFO - _ensure_database_exists:44 - Database initialized at :memory:
2026-01-08 22:52:24 - secure_data_wiping.wipe_engine.wipe_engine - INFO - __init__:105 - WipeEngine initialized with NIST 800-88 compliance
2026-01-08 22:52:24 - secure_data_wiping.wipe_engine.wipe_engine - INFO - wipe_device:156 - Starting wipe operation cb713f8b-c9b8-4ad3-87ee-847b627e68ea for device DEVICE_A28F0AC9
2026-01-08 22:52:24 - secure_data_wiping.wipe_engine.wipe_engine - INFO - wipe_device:157 - Method: clear, Device path: /nonexistent/file
2026-01-08 22:52:24 - secure_data_wiping.wipe_engine.wipe_engine - INFO - _execute_overwrite_wipe:386 - Executing overwrite wipe with 1 passes
2026-01-08 22:52:24 - secure_data_wiping.wipe_engine.wipe_engine - INFO - _execute_overwrite_wipe:397 - Starting pass 1/1
2026-01-08 22:52:24 - secure_data_wiping.wipe_engine.wipe_engine - INFO - _execute_overwrite_wipe:410 - Pass 1 completed: 1048576 bytes
2026-01-08 22:52:24 - secure_data_wiping.wipe_engine.wipe_engine - INFO - _verify_pass:561 - Verifying wiping pass
2026-01-08 22:52:24 - secure_data_wiping.wipe_engine.wipe_engine - INFO - _verify_pass:585 - Pass verification successful
2026-01-08 22:52:24 - secure_data_wiping.wipe_engine.wipe_engine - INFO - wipe_device:196 - Wipe operation cb713f8b-c9b8-4ad3-87ee-847b627e68ea completed successfully
2026-01-08 22:52:24 - secure_data_wiping.wipe_engine.wipe_engine - INFO - wipe_device:197 - Passes: 1, Bytes wiped: 1048576
2026-01-08 22:52:24 - secure_data_wiping.certificate_generator.certificate_generator - INFO - __init__:123 - CertificateGenerator initialized with output directory: C:\Users\messy\AppData\Local\Temp\tmpnbn4a89q
